PHP Warning:  PHP Startup: Unable to load dynamic library 'gmp' (tried: /usr/lib/php/20210902/gmp (/usr/lib/php/20210902/gmp: cannot open shared object file: No such file or directory), /usr/lib/php/20210902/gmp.so (/usr/lib/php/20210902/gmp.so: cannot open shared object file: No such file or directory)) in Unknown on line 0
=== Очистка устаревшего кеша ===
Время: 2025-11-03 07:00:01

Удалено устаревших файлов кеша: 0

✅ Очистка завершена
PHP Warning:  PHP Startup: Unable to load dynamic library 'gmp' (tried: /usr/lib/php/20210902/gmp (/usr/lib/php/20210902/gmp: cannot open shared object file: No such file or directory), /usr/lib/php/20210902/gmp.so (/usr/lib/php/20210902/gmp.so: cannot open shared object file: No such file or directory)) in Unknown on line 0
=== Очистка устаревшего кеша ===
Время: 2025-11-03 08:00:02

Удалено устаревших файлов кеша: 0

✅ Очистка завершена
PHP Warning:  PHP Startup: Unable to load dynamic library 'gmp' (tried: /usr/lib/php/20210902/gmp (/usr/lib/php/20210902/gmp: cannot open shared object file: No such file or directory), /usr/lib/php/20210902/gmp.so (/usr/lib/php/20210902/gmp.so: cannot open shared object file: No such file or directory)) in Unknown on line 0
=== Очистка устаревшего кеша ===
Время: 2025-11-03 09:00:01

Удалено устаревших файлов кеша: 0

✅ Очистка завершена
PHP Warning:  PHP Startup: Unable to load dynamic library 'gmp' (tried: /usr/lib/php/20210902/gmp (/usr/lib/php/20210902/gmp: cannot open shared object file: No such file or directory), /usr/lib/php/20210902/gmp.so (/usr/lib/php/20210902/gmp.so: cannot open shared object file: No such file or directory)) in Unknown on line 0
=== Очистка устаревшего кеша ===
Время: 2025-11-03 10:00:01

Удалено устаревших файлов кеша: 0

✅ Очистка завершена
PHP Warning:  PHP Startup: Unable to load dynamic library 'gmp' (tried: /usr/lib/php/20210902/gmp (/usr/lib/php/20210902/gmp: cannot open shared object file: No such file or directory), /usr/lib/php/20210902/gmp.so (/usr/lib/php/20210902/gmp.so: cannot open shared object file: No such file or directory)) in Unknown on line 0
=== Очистка устаревшего кеша ===
Время: 2025-11-03 11:00:01

Удалено устаревших файлов кеша: 0

✅ Очистка завершена
PHP Warning:  PHP Startup: Unable to load dynamic library 'gmp' (tried: /usr/lib/php/20210902/gmp (/usr/lib/php/20210902/gmp: cannot open shared object file: No such file or directory), /usr/lib/php/20210902/gmp.so (/usr/lib/php/20210902/gmp.so: cannot open shared object file: No such file or directory)) in Unknown on line 0
=== Очистка устаревшего кеша ===
Время: 2025-11-03 12:00:01

Удалено устаревших файлов кеша: 0

✅ Очистка завершена
PHP Warning:  PHP Startup: Unable to load dynamic library 'gmp' (tried: /usr/lib/php/20210902/gmp (/usr/lib/php/20210902/gmp: cannot open shared object file: No such file or directory), /usr/lib/php/20210902/gmp.so (/usr/lib/php/20210902/gmp.so: cannot open shared object file: No such file or directory)) in Unknown on line 0
=== Очистка устаревшего кеша ===
Время: 2025-11-03 13:00:01

Удалено устаревших файлов кеша: 0

✅ Очистка завершена
PHP Warning:  PHP Startup: Unable to load dynamic library 'gmp' (tried: /usr/lib/php/20210902/gmp (/usr/lib/php/20210902/gmp: cannot open shared object file: No such file or directory), /usr/lib/php/20210902/gmp.so (/usr/lib/php/20210902/gmp.so: cannot open shared object file: No such file or directory)) in Unknown on line 0
=== Очистка устаревшего кеша ===
Время: 2025-11-03 14:00:01

Удалено устаревших файлов кеша: 0

✅ Очистка завершена
PHP Warning:  PHP Startup: Unable to load dynamic library 'gmp' (tried: /usr/lib/php/20210902/gmp (/usr/lib/php/20210902/gmp: cannot open shared object file: No such file or directory), /usr/lib/php/20210902/gmp.so (/usr/lib/php/20210902/gmp.so: cannot open shared object file: No such file or directory)) in Unknown on line 0
=== Очистка устаревшего кеша ===
Время: 2025-11-03 15:00:02

Удалено устаревших файлов кеша: 0

✅ Очистка завершена
PHP Warning:  PHP Startup: Unable to load dynamic library 'gmp' (tried: /usr/lib/php/20210902/gmp (/usr/lib/php/20210902/gmp: cannot open shared object file: No such file or directory), /usr/lib/php/20210902/gmp.so (/usr/lib/php/20210902/gmp.so: cannot open shared object file: No such file or directory)) in Unknown on line 0
=== Очистка устаревшего кеша ===
Время: 2025-11-03 16:00:01

Удалено устаревших файлов кеша: 0

✅ Очистка завершена
PHP Warning:  PHP Startup: Unable to load dynamic library 'gmp' (tried: /usr/lib/php/20210902/gmp (/usr/lib/php/20210902/gmp: cannot open shared object file: No such file or directory), /usr/lib/php/20210902/gmp.so (/usr/lib/php/20210902/gmp.so: cannot open shared object file: No such file or directory)) in Unknown on line 0
=== Очистка устаревшего кеша ===
Время: 2025-11-03 17:00:01

Удалено устаревших файлов кеша: 0

✅ Очистка завершена
PHP Warning:  PHP Startup: Unable to load dynamic library 'gmp' (tried: /usr/lib/php/20210902/gmp (/usr/lib/php/20210902/gmp: cannot open shared object file: No such file or directory), /usr/lib/php/20210902/gmp.so (/usr/lib/php/20210902/gmp.so: cannot open shared object file: No such file or directory)) in Unknown on line 0
=== Очистка устаревшего кеша ===
Время: 2025-11-03 18:00:02

Удалено устаревших файлов кеша: 0

✅ Очистка завершена
PHP Warning:  PHP Startup: Unable to load dynamic library 'gmp' (tried: /usr/lib/php/20210902/gmp (/usr/lib/php/20210902/gmp: cannot open shared object file: No such file or directory), /usr/lib/php/20210902/gmp.so (/usr/lib/php/20210902/gmp.so: cannot open shared object file: No such file or directory)) in Unknown on line 0
=== Очистка устаревшего кеша ===
Время: 2025-11-03 19:00:01

Удалено устаревших файлов кеша: 0

✅ Очистка завершена
PHP Warning:  PHP Startup: Unable to load dynamic library 'gmp' (tried: /usr/lib/php/20210902/gmp (/usr/lib/php/20210902/gmp: cannot open shared object file: No such file or directory), /usr/lib/php/20210902/gmp.so (/usr/lib/php/20210902/gmp.so: cannot open shared object file: No such file or directory)) in Unknown on line 0
=== Очистка устаревшего кеша ===
Время: 2025-11-03 20:00:01

Удалено устаревших файлов кеша: 0

✅ Очистка завершена
PHP Warning:  PHP Startup: Unable to load dynamic library 'gmp' (tried: /usr/lib/php/20210902/gmp (/usr/lib/php/20210902/gmp: cannot open shared object file: No such file or directory), /usr/lib/php/20210902/gmp.so (/usr/lib/php/20210902/gmp.so: cannot open shared object file: No such file or directory)) in Unknown on line 0
=== Очистка устаревшего кеша ===
Время: 2025-11-03 21:00:01

Удалено устаревших файлов кеша: 0

✅ Очистка завершена
PHP Warning:  PHP Startup: Unable to load dynamic library 'gmp' (tried: /usr/lib/php/20210902/gmp (/usr/lib/php/20210902/gmp: cannot open shared object file: No such file or directory), /usr/lib/php/20210902/gmp.so (/usr/lib/php/20210902/gmp.so: cannot open shared object file: No such file or directory)) in Unknown on line 0
=== Очистка устаревшего кеша ===
Время: 2025-11-03 22:00:01

Удалено устаревших файлов кеша: 0

✅ Очистка завершена
PHP Warning:  PHP Startup: Unable to load dynamic library 'gmp' (tried: /usr/lib/php/20210902/gmp (/usr/lib/php/20210902/gmp: cannot open shared object file: No such file or directory), /usr/lib/php/20210902/gmp.so (/usr/lib/php/20210902/gmp.so: cannot open shared object file: No such file or directory)) in Unknown on line 0
=== Очистка устаревшего кеша ===
Время: 2025-11-03 23:00:01

Удалено устаревших файлов кеша: 0

✅ Очистка завершена
PHP Warning:  PHP Startup: Unable to load dynamic library 'gmp' (tried: /usr/lib/php/20210902/gmp (/usr/lib/php/20210902/gmp: cannot open shared object file: No such file or directory), /usr/lib/php/20210902/gmp.so (/usr/lib/php/20210902/gmp.so: cannot open shared object file: No such file or directory)) in Unknown on line 0
=== Очистка устаревшего кеша ===
Время: 2025-11-04 00:00:01

Удалено устаревших файлов кеша: 0

✅ Очистка завершена
PHP Warning:  PHP Startup: Unable to load dynamic library 'gmp' (tried: /usr/lib/php/20210902/gmp (/usr/lib/php/20210902/gmp: cannot open shared object file: No such file or directory), /usr/lib/php/20210902/gmp.so (/usr/lib/php/20210902/gmp.so: cannot open shared object file: No such file or directory)) in Unknown on line 0
=== Очистка устаревшего кеша ===
Время: 2025-11-04 01:00:01

Удалено устаревших файлов кеша: 0

✅ Очистка завершена
PHP Warning:  PHP Startup: Unable to load dynamic library 'gmp' (tried: /usr/lib/php/20210902/gmp (/usr/lib/php/20210902/gmp: cannot open shared object file: No such file or directory), /usr/lib/php/20210902/gmp.so (/usr/lib/php/20210902/gmp.so: cannot open shared object file: No such file or directory)) in Unknown on line 0
=== Очистка устаревшего кеша ===
Время: 2025-11-04 02:00:02

Удалено устаревших файлов кеша: 0

✅ Очистка завершена
PHP Warning:  PHP Startup: Unable to load dynamic library 'gmp' (tried: /usr/lib/php/20210902/gmp (/usr/lib/php/20210902/gmp: cannot open shared object file: No such file or directory), /usr/lib/php/20210902/gmp.so (/usr/lib/php/20210902/gmp.so: cannot open shared object file: No such file or directory)) in Unknown on line 0
=== Очистка устаревшего кеша ===
Время: 2025-11-04 03:00:01

Удалено устаревших файлов кеша: 0
Выполнена полная очистка кеша (ежедневная процедура)

✅ Очистка завершена
PHP Warning:  PHP Startup: Unable to load dynamic library 'gmp' (tried: /usr/lib/php/20210902/gmp (/usr/lib/php/20210902/gmp: cannot open shared object file: No such file or directory), /usr/lib/php/20210902/gmp.so (/usr/lib/php/20210902/gmp.so: cannot open shared object file: No such file or directory)) in Unknown on line 0
=== Очистка устаревшего кеша ===
Время: 2025-11-04 04:00:01

Удалено устаревших файлов кеша: 0

✅ Очистка завершена
PHP Warning:  PHP Startup: Unable to load dynamic library 'gmp' (tried: /usr/lib/php/20210902/gmp (/usr/lib/php/20210902/gmp: cannot open shared object file: No such file or directory), /usr/lib/php/20210902/gmp.so (/usr/lib/php/20210902/gmp.so: cannot open shared object file: No such file or directory)) in Unknown on line 0
=== Очистка устаревшего кеша ===
Время: 2025-11-04 05:00:01

Удалено устаревших файлов кеша: 0

✅ Очистка завершена
PHP Warning:  PHP Startup: Unable to load dynamic library 'gmp' (tried: /usr/lib/php/20210902/gmp (/usr/lib/php/20210902/gmp: cannot open shared object file: No such file or directory), /usr/lib/php/20210902/gmp.so (/usr/lib/php/20210902/gmp.so: cannot open shared object file: No such file or directory)) in Unknown on line 0
=== Очистка устаревшего кеша ===
Время: 2025-11-04 06:00:01

Удалено устаревших файлов кеша: 0

✅ Очистка завершена
PHP Warning:  PHP Startup: Unable to load dynamic library 'gmp' (tried: /usr/lib/php/20210902/gmp (/usr/lib/php/20210902/gmp: cannot open shared object file: No such file or directory), /usr/lib/php/20210902/gmp.so (/usr/lib/php/20210902/gmp.so: cannot open shared object file: No such file or directory)) in Unknown on line 0
=== Очистка устаревшего кеша ===
Время: 2025-11-04 07:00:02

Удалено устаревших файлов кеша: 0

✅ Очистка завершена
PHP Warning:  PHP Startup: Unable to load dynamic library 'gmp' (tried: /usr/lib/php/20210902/gmp (/usr/lib/php/20210902/gmp: cannot open shared object file: No such file or directory), /usr/lib/php/20210902/gmp.so (/usr/lib/php/20210902/gmp.so: cannot open shared object file: No such file or directory)) in Unknown on line 0
=== Очистка устаревшего кеша ===
Время: 2025-11-04 08:00:01

Удалено устаревших файлов кеша: 0

✅ Очистка завершена
PHP Warning:  PHP Startup: Unable to load dynamic library 'gmp' (tried: /usr/lib/php/20210902/gmp (/usr/lib/php/20210902/gmp: cannot open shared object file: No such file or directory), /usr/lib/php/20210902/gmp.so (/usr/lib/php/20210902/gmp.so: cannot open shared object file: No such file or directory)) in Unknown on line 0
=== Очистка устаревшего кеша ===
Время: 2025-11-04 09:00:01

Удалено устаревших файлов кеша: 0

✅ Очистка завершена
PHP Warning:  PHP Startup: Unable to load dynamic library 'gmp' (tried: /usr/lib/php/20210902/gmp (/usr/lib/php/20210902/gmp: cannot open shared object file: No such file or directory), /usr/lib/php/20210902/gmp.so (/usr/lib/php/20210902/gmp.so: cannot open shared object file: No such file or directory)) in Unknown on line 0
=== Очистка устаревшего кеша ===
Время: 2025-11-04 10:00:01

Удалено устаревших файлов кеша: 0

✅ Очистка завершена
PHP Warning:  PHP Startup: Unable to load dynamic library 'gmp' (tried: /usr/lib/php/20210902/gmp (/usr/lib/php/20210902/gmp: cannot open shared object file: No such file or directory), /usr/lib/php/20210902/gmp.so (/usr/lib/php/20210902/gmp.so: cannot open shared object file: No such file or directory)) in Unknown on line 0
=== Очистка устаревшего кеша ===
Время: 2025-11-04 11:00:01

Удалено устаревших файлов кеша: 0

✅ Очистка завершена
PHP Warning:  PHP Startup: Unable to load dynamic library 'gmp' (tried: /usr/lib/php/20210902/gmp (/usr/lib/php/20210902/gmp: cannot open shared object file: No such file or directory), /usr/lib/php/20210902/gmp.so (/usr/lib/php/20210902/gmp.so: cannot open shared object file: No such file or directory)) in Unknown on line 0
=== Очистка устаревшего кеша ===
Время: 2025-11-04 12:00:02

Удалено устаревших файлов кеша: 0

✅ Очистка завершена
PHP Warning:  PHP Startup: Unable to load dynamic library 'gmp' (tried: /usr/lib/php/20210902/gmp (/usr/lib/php/20210902/gmp: cannot open shared object file: No such file or directory), /usr/lib/php/20210902/gmp.so (/usr/lib/php/20210902/gmp.so: cannot open shared object file: No such file or directory)) in Unknown on line 0
=== Очистка устаревшего кеша ===
Время: 2025-11-04 13:00:01

Удалено устаревших файлов кеша: 0

✅ Очистка завершена
PHP Warning:  PHP Startup: Unable to load dynamic library 'gmp' (tried: /usr/lib/php/20210902/gmp (/usr/lib/php/20210902/gmp: cannot open shared object file: No such file or directory), /usr/lib/php/20210902/gmp.so (/usr/lib/php/20210902/gmp.so: cannot open shared object file: No such file or directory)) in Unknown on line 0
=== Очистка устаревшего кеша ===
Время: 2025-11-04 14:00:01

Удалено устаревших файлов кеша: 0

✅ Очистка завершена
PHP Warning:  PHP Startup: Unable to load dynamic library 'gmp' (tried: /usr/lib/php/20210902/gmp (/usr/lib/php/20210902/gmp: cannot open shared object file: No such file or directory), /usr/lib/php/20210902/gmp.so (/usr/lib/php/20210902/gmp.so: cannot open shared object file: No such file or directory)) in Unknown on line 0
=== Очистка устаревшего кеша ===
Время: 2025-11-04 15:00:01

Удалено устаревших файлов кеша: 0

✅ Очистка завершена
PHP Warning:  PHP Startup: Unable to load dynamic library 'gmp' (tried: /usr/lib/php/20210902/gmp (/usr/lib/php/20210902/gmp: cannot open shared object file: No such file or directory), /usr/lib/php/20210902/gmp.so (/usr/lib/php/20210902/gmp.so: cannot open shared object file: No such file or directory)) in Unknown on line 0
=== Очистка устаревшего кеша ===
Время: 2025-11-04 16:00:01

Удалено устаревших файлов кеша: 0

✅ Очистка завершена
PHP Warning:  PHP Startup: Unable to load dynamic library 'gmp' (tried: /usr/lib/php/20210902/gmp (/usr/lib/php/20210902/gmp: cannot open shared object file: No such file or directory), /usr/lib/php/20210902/gmp.so (/usr/lib/php/20210902/gmp.so: cannot open shared object file: No such file or directory)) in Unknown on line 0
=== Очистка устаревшего кеша ===
Время: 2025-11-04 17:00:02

Удалено устаревших файлов кеша: 0

✅ Очистка завершена
PHP Warning:  PHP Startup: Unable to load dynamic library 'gmp' (tried: /usr/lib/php/20210902/gmp (/usr/lib/php/20210902/gmp: cannot open shared object file: No such file or directory), /usr/lib/php/20210902/gmp.so (/usr/lib/php/20210902/gmp.so: cannot open shared object file: No such file or directory)) in Unknown on line 0
=== Очистка устаревшего кеша ===
Время: 2025-11-04 18:00:01

Удалено устаревших файлов кеша: 0

✅ Очистка завершена
PHP Warning:  PHP Startup: Unable to load dynamic library 'gmp' (tried: /usr/lib/php/20210902/gmp (/usr/lib/php/20210902/gmp: cannot open shared object file: No such file or directory), /usr/lib/php/20210902/gmp.so (/usr/lib/php/20210902/gmp.so: cannot open shared object file: No such file or directory)) in Unknown on line 0
=== Очистка устаревшего кеша ===
Время: 2025-11-04 19:00:01

Удалено устаревших файлов кеша: 0

✅ Очистка завершена
PHP Warning:  PHP Startup: Unable to load dynamic library 'gmp' (tried: /usr/lib/php/20210902/gmp (/usr/lib/php/20210902/gmp: cannot open shared object file: No such file or directory), /usr/lib/php/20210902/gmp.so (/usr/lib/php/20210902/gmp.so: cannot open shared object file: No such file or directory)) in Unknown on line 0
=== Очистка устаревшего кеша ===
Время: 2025-11-04 20:00:01

Удалено устаревших файлов кеша: 0

✅ Очистка завершена
